#
# There is insufficient memory for the Java Runtime Environment to continue.
# Native memory allocation (malloc) failed to allocate 1048576 bytes for AllocateHeap
# Possible reasons:
#   The system is out of physical RAM or swap space
#   The process is running with CompressedOops enabled, and the Java Heap may be blocking the growth of the native heap
# Possible solutions:
#   Reduce memory load on the system
#   Increase physical memory or swap space
#   Check if swap backing store is full
#   Decrease Java heap size (-Xmx/-Xms)
#   Decrease number of Java threads
#   Decrease Java thread stack sizes (-Xss)
#   Set larger code cache with -XX:ReservedCodeCacheSize=
#   JVM is running with Zero Based Compressed Oops mode in which the Java heap is
#     placed in the first 32GB address space. The Java Heap base address is the
#     maximum limit for the native heap growth. Please use -XX:HeapBaseMinAddress
#     to set the Java Heap base and to place the Java Heap above 32GB virtual address.
# This output file may be truncated or incomplete.
#
#  Out of Memory Error (memory/allocation.inline.hpp:61), pid=15804, tid=0x0000000000004e8c
#
# JRE version:  (8.0_221-b11) (build )
# Java VM: Java HotSpot(TM) 64-Bit Server VM (25.221-b11 mixed mode windows-amd64 compressed oops)
# Failed to write core dump. Minidumps are not enabled by default on client versions of Windows
#

---------------  T H R E A D  ---------------

Current thread (0x000000000242e000):  JavaThread "Unknown thread" [_thread_in_vm, id=20108, stack(0x00000000027a0000,0x00000000028a0000)]

Stack: [0x00000000027a0000,0x00000000028a0000]
[error occurred during error reporting (printing stack bounds), id 0xc0000005]

Native frames: (J=compiled Java code, j=interpreted, Vv=VM code, C=native code)


---------------  P R O C E S S  ---------------

Java Threads: ( => current thread )

Other Threads:

=>0x000000000242e000 (exited) JavaThread "Unknown thread" [_thread_in_vm, id=20108, stack(0x00000000027a0000,0x00000000028a0000)]

VM state:not at safepoint (normal execution)

VM Mutex/Monitor currently owned by a thread: None

heap address: 0x0000000641c00000, size: 6116 MB, Compressed Oops mode: Zero based, Oop shift amount: 3
Narrow klass base: 0x0000000000000000, Narrow klass shift: 3
Compressed class space size: 1073741824 Address: 0x00000007c0000000

Heap:
 PSYoungGen      total 114688K, used 1966K [0x0000000740980000, 0x0000000748980000, 0x00000007c0000000)
  eden space 98304K, 2% used [0x0000000740980000,0x0000000740b6b860,0x0000000746980000)
  from space 16384K, 0% used [0x0000000747980000,0x0000000747980000,0x0000000748980000)
  to   space 16384K, 0% used [0x0000000746980000,0x0000000746980000,0x0000000747980000)
 ParOldGen       total 262144K, used 0K [0x0000000641c00000, 0x0000000651c00000, 0x0000000740980000)
  object space 262144K, 0% used [0x0000000641c00000,0x0000000641c00000,0x0000000651c00000)
 Metaspace       used 752K, capacity 4480K, committed 4480K, reserved 1056768K
  class space    used 76K, capacity 384K, committed 384K, reserved 1048576K

Card table byte_map: [0x0000000011d60000,0x0000000012960000] byte_map_base: 0x000000000eb52000

Marking Bits: (ParMarkBitMap*) 0x000000006ac55ce0
 Begin Bits: [0x0000000013960000, 0x00000000198f0000)
 End Bits:   [0x00000000198f0000, 0x000000001f880000)

Polling page: 0x0000000000500000

CodeCache: size=245760Kb used=328Kb max_used=328Kb free=245431Kb
 bounds [0x00000000029a0000, 0x0000000002c10000, 0x00000000119a0000]
 total_blobs=58 nmethods=0 adapters=38
 compilation: enabled

Compilation events (0 events):
No events

GC Heap History (0 events):
No events

Deoptimization events (0 events):
No events

Classes redefined (0 events):
No events

Internal exceptions (0 events):
No events

Events (10 events):
Event: 0.030 loading class java/lang/Short
Event: 0.030 loading class java/lang/Short done
Event: 0.030 loading class java/lang/Integer
Event: 0.030 loading class java/lang/Integer done
Event: 0.030 loading class java/lang/Long
Event: 0.030 loading class java/lang/Long done
Event: 0.031 loading class java/lang/NullPointerException
Event: 0.031 loading class java/lang/NullPointerException done
Event: 0.031 loading class java/lang/ArithmeticException
Event: 0.031 loading class java/lang/ArithmeticException done


Dynamic libraries:
0x00007ff7884b0000 - 0x00007ff7884e7000 	C:\Program Files\Java\jre1.8.0_221\bin\javaw.exe
0x00007ffeae620000 - 0x00007ffeae801000 	C:\WINDOWS\SYSTEM32\ntdll.dll
0x00007ffeae230000 - 0x00007ffeae2e1000 	C:\WINDOWS\System32\KERNEL32.DLL
0x00007ffeab790000 - 0x00007ffeaba03000 	C:\WINDOWS\System32\KERNELBASE.dll
0x00007ffeae450000 - 0x00007ffeae4f1000 	C:\WINDOWS\System32\ADVAPI32.dll
0x00007ffeadb00000 - 0x00007ffeadb9e000 	C:\WINDOWS\System32\msvcrt.dll
0x00007ffeabcf0000 - 0x00007ffeabd4b000 	C:\WINDOWS\System32\sechost.dll
0x00007ffeabb20000 - 0x00007ffeabc44000 	C:\WINDOWS\System32\RPCRT4.dll
0x00007ffeaded0000 - 0x00007ffeae060000 	C:\WINDOWS\System32\USER32.dll
0x00007ffeaab90000 - 0x00007ffeaabb0000 	C:\WINDOWS\System32\win32u.dll
0x00007ffeae060000 - 0x00007ffeae088000 	C:\WINDOWS\System32\GDI32.dll
0x00007ffeaa9f0000 - 0x00007ffeaab81000 	C:\WINDOWS\System32\gdi32full.dll
0x00007ffeaba10000 - 0x00007ffeabaaf000 	C:\WINDOWS\System32\msvcp_win.dll
0x00007ffeaae80000 - 0x00007ffeaaf78000 	C:\WINDOWS\System32\ucrtbase.dll
0x00007ffe9c130000 - 0x00007ffe9c399000 	C:\WINDOWS\WinSxS\amd64_microsoft.windows.common-controls_6595b64144ccf1df_6.0.17134.950_none_fb3da4273069d3e0\COMCTL32.dll
0x00007ffeadba0000 - 0x00007ffeadec2000 	C:\WINDOWS\System32\combase.dll
0x00007ffeaada0000 - 0x00007ffeaae19000 	C:\WINDOWS\System32\bcryptPrimitives.dll
0x00007ffeabe40000 - 0x00007ffeabe6d000 	C:\WINDOWS\System32\IMM32.DLL
0x000000006c1e0000 - 0x000000006c2b2000 	C:\Program Files\Java\jre1.8.0_221\bin\msvcr100.dll
0x000000006a430000 - 0x000000006acd5000 	C:\Program Files\Java\jre1.8.0_221\bin\server\jvm.dll
0x00007ffeabab0000 - 0x00007ffeabab8000 	C:\WINDOWS\System32\PSAPI.DLL
0x00007ffea5410000 - 0x00007ffea5433000 	C:\WINDOWS\SYSTEM32\WINMM.dll
0x00007ffea51d0000 - 0x00007ffea51da000 	C:\WINDOWS\SYSTEM32\VERSION.dll
0x00007ffe9afc0000 - 0x00007ffe9afc9000 	C:\WINDOWS\SYSTEM32\WSOCK32.dll
0x00007ffeac3b0000 - 0x00007ffeac41c000 	C:\WINDOWS\System32\WS2_32.dll
0x00007ffea53a0000 - 0x00007ffea53ca000 	C:\WINDOWS\SYSTEM32\WINMMBASE.dll
0x00007ffeab690000 - 0x00007ffeab6d9000 	C:\WINDOWS\System32\cfgmgr32.dll
0x00007ffea56d0000 - 0x00007ffea56df000 	C:\Program Files\Java\jre1.8.0_221\bin\verify.dll
0x00007ffea18a0000 - 0x00007ffea18c9000 	C:\Program Files\Java\jre1.8.0_221\bin\java.dll
0x00007ffea1880000 - 0x00007ffea1896000 	C:\Program Files\Java\jre1.8.0_221\bin\zip.dll

VM Arguments:
jvm_args: -Dfile.encoding=UTF-8 
java_command: user.Login
java_class_path (initial): C:\Users\tjddn\eclipse-workspace\firstpj123\bin;C:\Users\tjddn\설치파일\mysql-connector-java-5.1.46.jar
Launcher Type: SUN_STANDARD

Environment Variables:
PATH=C:/Program Files/Java/jre1.8.0_221/bin/server;C:/Program Files/Java/jre1.8.0_221/bin;C:/Program Files/Java/jre1.8.0_221/lib/amd64;C:\Program Files (x86)\Common Files\Oracle\Java\javapath;C:\Program Files (x86)\NAT Service;C:\Program Files (x86)\Intel\iCLS Client\;C:\Program Files\Intel\iCLS Client\;C:\Windows\system32;C:\Windows;C:\Windows\System32\Wbem;C:\Windows\System32\WindowsPowerShell\v1.0\;C:\Program Files (x86)\Intel\Intel(R) Management Engine Components\DAL;C:\Program Files\Intel\Intel(R) Management Engine Components\DAL;C:\Program Files (x86)\Intel\Intel(R) Management Engine Components\IPT;C:\Program Files\Intel\Intel(R) Management Engine Components\IPT;C:\Program Files (x86)\NVIDIA Corporation\PhysX\Common;C:\WINDOWS\system32;C:\WINDOWS;C:\WINDOWS\System32\Wbem;C:\WINDOWS\System32\WindowsPowerShell\v1.0\;C:\WINDOWS\System32\OpenSSH\;C:\Users\tjddn\AppData\Local\Programs\Python\Python37-32\Scripts\;C:\Users\tjddn\AppData\Local\Programs\Python\Python37-32\;C:\Users\tjddn\AppData\Local\Microsoft\WindowsApps;;C:\Program Files\JetBrains\PyCharm Community Edition 2019.2\bin;;C:\Program Files\eclipse-jee-2019-06-R-win32-x86_64\eclipse;
USERNAME=tjddn
OS=Windows_NT
PROCESSOR_IDENTIFIER=Intel64 Family 6 Model 142 Stepping 10, GenuineIntel



---------------  S Y S T E M  ---------------

OS: Windows 10.0 , 64 bit Build 17134 (10.0.17134.753)

CPU:total 8 (initial active 8) (4 cores per cpu, 2 threads per core) family 6 model 142 stepping 10, cmov, cx8, fxsr, mmx, sse, sse2, sse3, ssse3, sse4.1, sse4.2, popcnt, avx, avx2, aes, clmul, erms, 3dnowpref, lzcnt, ht, tsc, tscinvbit, bmi1, bmi2, adx

Memory: 4k page, physical 25045908k(15703832k free), swap 40537360k(6024k free)

vm_info: Java HotSpot(TM) 64-Bit Server VM (25.221-b11) for windows-amd64 JRE (1.8.0_221-b11), built on Jul  4 2019 04:39:29 by "java_re" with MS VC++ 10.0 (VS2010)

time: Sun Aug 25 05:37:46 2019
timezone: 대한민국 표준시
elapsed time: 0 seconds (0d 0h 0m 0s)

